0
0
0
17339
52659
31414
2753
-39919
28411
30073
12935
30331
43910
16181
17043
52453
22307
25172
15717
24818
36759
36524
27359
22423
44961
20736
23899
46087
8697
42938
13487
45738
37966
11266
49441
33826
35396
48307
34424
26693
20605
35170
7915
43302
53133
32091
32305
30221
48901
35492
38001
40571
14442
21753
20815
44329
43580
15567
34535
25351
10994
51796
44234
37438
44025
30826
33540
22831
36026
24496
5398
48498
36241
16762
7421
42714
8920
29396
17962
14957
42971
42884
53384
5484
29153
40198
4988
26706
49963
9615
24797
29134
40430
37644
51201
22985
30553
33313
47280
27748
51858
34091
-34352